
/home/runner/work/exp-three-phase-voltage-source-inverter-spwm-iitr/exp-three-phase-voltage-source-inverter-spwm-iitr/experiment/simulation/3 Phase PWM inverter/js/graph.js
    1:10  warning  'plotData' is defined but never used   no-unused-vars
    3:5   warning  'values' is not defined                no-undef
    4:5   warning  'values' is not defined                no-undef
    5:5   warning  'values' is not defined                no-undef
    6:5   warning  'values' is not defined                no-undef
    7:5   warning  'values' is not defined                no-undef
    8:5   warning  'values' is not defined                no-undef
    9:5   warning  'values' is not defined                no-undef
   10:5   warning  'values' is not defined                no-undef
   11:5   warning  'values' is not defined                no-undef
   12:5   warning  'values' is not defined                no-undef
   13:5   warning  'values' is not defined                no-undef
   14:5   warning  'values' is not defined                no-undef
   15:5   warning  'values' is not defined                no-undef
   16:5   warning  'values' is not defined                no-undef
   17:5   warning  'values' is not defined                no-undef
   21:5   warning  'a' is not defined                     no-undef
   26:5   warning  'Plotly' is not defined                no-undef
   31:14  warning  'a' is not defined                     no-undef
   32:14  warning  'a' is not defined                     no-undef
   41:14  warning  'a' is not defined                     no-undef
   42:14  warning  'a' is not defined                     no-undef
   50:14  warning  'a' is not defined                     no-undef
   51:14  warning  'a' is not defined                     no-undef
   58:14  warning  'a' is not defined                     no-undef
   59:14  warning  'a' is not defined                     no-undef
   72:11  warning  'values' is not defined                no-undef
   74:11  warning  'values' is not defined                no-undef
   76:11  warning  'values' is not defined                no-undef
   76:40  warning  'values' is not defined                no-undef
   80:25  warning  'a' is not defined                     no-undef
   80:39  warning  'a' is not defined                     no-undef
   94:5   warning  'Plotly' is not defined                no-undef
   98:14  warning  'a' is not defined                     no-undef
   99:14  warning  'a' is not defined                     no-undef
  117:24  warning  'values' is not defined                no-undef
  120:25  warning  'a' is not defined                     no-undef
  120:39  warning  'a' is not defined                     no-undef
  133:5   warning  'Plotly' is not defined                no-undef
  137:14  warning  'a' is not defined                     no-undef
  138:14  warning  'a' is not defined                     no-undef
  156:24  warning  'values' is not defined                no-undef
  159:25  warning  'a' is not defined                     no-undef
  159:39  warning  'a' is not defined                     no-undef
  172:5   warning  'Plotly' is not defined                no-undef
  176:14  warning  'a' is not defined                     no-undef
  177:14  warning  'a' is not defined                     no-undef
  195:24  warning  'values' is not defined                no-undef
  198:25  warning  'a' is not defined                     no-undef
  198:39  warning  'a' is not defined                     no-undef
  210:10  warning  'Reset' is defined but never used      no-unused-vars
  214:10  warning  'showtable' is defined but never used  no-unused-vars
  216:8   warning  Unexpected constant condition          no-constant-condition
  224:27  warning  'values' is not defined                no-undef
  225:28  warning  'values' is not defined                no-undef
  226:27  warning  'values' is not defined                no-undef
  227:28  warning  'values' is not defined                no-undef
  228:27  warning  'values' is not defined                no-undef
  229:28  warning  'values' is not defined                no-undef
  230:27  warning  'values' is not defined                no-undef
  231:28  warning  'values' is not defined                no-undef
  232:29  warning  'values' is not defined                no-undef
  251:5   warning  'difference1' is not defined           no-undef
  253:5   warning  'difference1' is not defined           no-undef
  256:5   warning  'difference2' is not defined           no-undef
  258:5   warning  'difference2' is not defined           no-undef
  261:5   warning  'difference3' is not defined           no-undef
  263:5   warning  'difference3' is not defined           no-undef
  352:3   warning  'values' is not defined                no-undef
  353:3   warning  'values' is not defined                no-undef
  354:3   warning  'values' is not defined                no-undef

/home/runner/work/exp-three-phase-voltage-source-inverter-spwm-iitr/exp-three-phase-voltage-source-inverter-spwm-iitr/experiment/simulation/3 Phase PWM inverter/js/popup.js
   6:10  warning  'openPopup' is defined but never used   no-unused-vars
  15:10  warning  'closePopup' is defined but never used  no-unused-vars

/home/runner/work/exp-three-phase-voltage-source-inverter-spwm-iitr/exp-three-phase-voltage-source-inverter-spwm-iitr/experiment/simulation/3 Phase PWM inverter/js/script.js
   210:16  warning  'jsPlumb' is not defined                      no-undef
   215:3   warning  '$' is not defined                            no-undef
   220:3   warning  '$' is not defined                            no-undef
   222:11  warning  '$' is not defined                            no-undef
   228:16  warning  Empty block statement                         no-empty
   230:18  warning  '$' is not defined                            no-undef
   231:13  warning  'a' is already defined                        no-redeclare
   236:16  warning  Empty block statement                         no-empty
   238:18  warning  '$' is not defined                            no-undef
   239:13  warning  'a' is already defined                        no-redeclare
   244:16  warning  Empty block statement                         no-empty
   246:18  warning  '$' is not defined                            no-undef
   247:13  warning  'a' is already defined                        no-redeclare
   252:16  warning  Empty block statement                         no-empty
   254:18  warning  '$' is not defined                            no-undef
   255:13  warning  'a' is already defined                        no-redeclare
   260:16  warning  Empty block statement                         no-empty
   262:18  warning  '$' is not defined                            no-undef
   263:13  warning  'a' is already defined                        no-redeclare
   268:16  warning  Empty block statement                         no-empty
   270:18  warning  '$' is not defined                            no-undef
   271:13  warning  'a' is already defined                        no-redeclare
   276:16  warning  Empty block statement                         no-empty
   278:18  warning  '$' is not defined                            no-undef
   279:13  warning  'a' is already defined                        no-redeclare
   284:16  warning  Empty block statement                         no-empty
   286:18  warning  '$' is not defined                            no-undef
   287:13  warning  'a' is already defined                        no-redeclare
   292:16  warning  Empty block statement                         no-empty
   294:18  warning  '$' is not defined                            no-undef
   295:13  warning  'a' is already defined                        no-redeclare
   300:16  warning  Empty block statement                         no-empty
   303:11  warning  '$' is not defined                            no-undef
   304:13  warning  'a' is already defined                        no-redeclare
   309:16  warning  Empty block statement                         no-empty
  1301:12  warning  'createEnd' is defined but never used         no-unused-vars
  2288:18  warning  'window_resize' is defined but never used     no-unused-vars
  2296:7   warning  'plotData' is not defined                     no-undef
  2300:38  warning  'event' is defined but never used             no-unused-vars
  2319:7   warning  'openPopup' is not defined                    no-undef
  2335:16  warning  'ele' is already defined                      no-redeclare
  2348:3   warning  '$' is not defined                            no-undef
  2353:3   warning  '$' is not defined                            no-undef
  2355:5   warning  '$' is not defined                            no-undef
  2356:30  warning  '$' is not defined                            no-undef
  2359:7   warning  '$' is not defined                            no-undef
  2387:7   warning  '$' is not defined                            no-undef
  2418:5   warning  '$' is not defined                            no-undef
  2418:42  warning  'event' is defined but never used             no-unused-vars
  2419:7   warning  '$' is not defined                            no-undef
  2424:3   warning  '$' is not defined                            no-undef
  2426:5   warning  '$' is not defined                            no-undef
  2427:30  warning  '$' is not defined                            no-undef
  2430:7   warning  '$' is not defined                            no-undef
  2458:7   warning  '$' is not defined                            no-undef
  2486:5   warning  '$' is not defined                            no-undef
  2486:42  warning  'event' is defined but never used             no-unused-vars
  2487:7   warning  '$' is not defined                            no-undef
  2492:3   warning  '$' is not defined                            no-undef
  2494:5   warning  '$' is not defined                            no-undef
  2495:30  warning  '$' is not defined                            no-undef
  2498:7   warning  '$' is not defined                            no-undef
  2532:7   warning  '$' is not defined                            no-undef
  2566:5   warning  '$' is not defined                            no-undef
  2566:42  warning  'event' is defined but never used             no-unused-vars
  2567:7   warning  '$' is not defined                            no-undef
  2570:3   warning  '$' is not defined                            no-undef
  2572:5   warning  '$' is not defined                            no-undef
  2573:30  warning  '$' is not defined                            no-undef
  2575:7   warning  '$' is not defined                            no-undef
  2609:7   warning  '$' is not defined                            no-undef
  2644:5   warning  '$' is not defined                            no-undef
  2644:42  warning  'event' is defined but never used             no-unused-vars
  2645:7   warning  '$' is not defined                            no-undef
  2650:3   warning  '$' is not defined                            no-undef
  2652:5   warning  '$' is not defined                            no-undef
  2653:30  warning  '$' is not defined                            no-undef
  2655:7   warning  '$' is not defined                            no-undef
  2683:7   warning  '$' is not defined                            no-undef
  2712:5   warning  '$' is not defined                            no-undef
  2712:42  warning  'event' is defined but never used             no-unused-vars
  2713:7   warning  '$' is not defined                            no-undef
  2716:3   warning  '$' is not defined                            no-undef
  2718:5   warning  '$' is not defined                            no-undef
  2719:30  warning  '$' is not defined                            no-undef
  2721:5   warning  '$' is not defined                            no-undef
  2736:5   warning  '$' is not defined                            no-undef
  2736:42  warning  'event' is defined but never used             no-unused-vars
  2737:7   warning  '$' is not defined                            no-undef
  2740:3   warning  '$' is not defined                            no-undef
  2742:5   warning  '$' is not defined                            no-undef
  2743:30  warning  '$' is not defined                            no-undef
  2745:5   warning  '$' is not defined                            no-undef
  2760:5   warning  '$' is not defined                            no-undef
  2760:42  warning  'event' is defined but never used             no-unused-vars
  2761:7   warning  '$' is not defined                            no-undef
  2764:3   warning  '$' is not defined                            no-undef
  2766:5   warning  '$' is not defined                            no-undef
  2767:30  warning  '$' is not defined                            no-undef
  2769:5   warning  '$' is not defined                            no-undef
  2784:5   warning  '$' is not defined                            no-undef
  2784:42  warning  'event' is defined but never used             no-unused-vars
  2785:7   warning  '$' is not defined                            no-undef
  2790:10  warning  'changeName' is defined but never used        no-unused-vars
  2793:3   warning  '$' is not defined                            no-undef
  2795:5   warning  'plotData' is not defined                     no-undef
  2799:10  warning  'acSubmited' is defined but never used        no-unused-vars
  2806:5   warning  '$' is not defined                            no-undef
  2813:5   warning  '$' is not defined                            no-undef
  2817:5   warning  'plotData' is not defined                     no-undef
  2824:3   warning  '$' is not defined                            no-undef
  2825:3   warning  '$' is not defined                            no-undef
  2826:3   warning  '$' is not defined                            no-undef
  2828:10  warning  'inductorSubmited' is defined but never used  no-unused-vars
  2836:5   warning  'plotData' is not defined                     no-undef
  2844:3   warning  '$' is not defined                            no-undef
  2845:3   warning  '$' is not defined                            no-undef
  2846:3   warning  '$' is not defined                            no-undef
  2848:10  warning  'resisSubmited' is defined but never used     no-unused-vars
  2856:5   warning  'plotData' is not defined                     no-undef
  2860:10  warning  'dcSubmited' is defined but never used        no-unused-vars
  2866:5   warning  '$' is not defined                            no-undef
  2871:5   warning  'plotData' is not defined                     no-undef
  2875:10  warning  'instchange' is defined but never used        no-unused-vars
  2879:1   warning  '$' is not defined                            no-undef
  2880:3   warning  '$' is not defined                            no-undef
  2881:5   warning  '$' is not defined                            no-undef
  2887:7   warning  'openPopup' is not defined                    no-undef
  2893:7   warning  'openPopup' is not defined                    no-undef
  2902:5   warning  'openPopup' is not defined                    no-undef
  2910:10  warning  'showreadings' is defined but never used      no-unused-vars
  2934:11  warning  'str' is not defined                          no-undef
  2935:29  warning  'str' is not defined                          no-undef
  2940:9   warning  'openPopup' is not defined                    no-undef

/home/runner/work/exp-three-phase-voltage-source-inverter-spwm-iitr/exp-three-phase-voltage-source-inverter-spwm-iitr/experiment/simulation/js/graph.js
    1:10  warning  'plotData' is defined but never used   no-unused-vars
    3:5   warning  'values' is not defined                no-undef
    4:5   warning  'values' is not defined                no-undef
    5:5   warning  'values' is not defined                no-undef
    6:5   warning  'values' is not defined                no-undef
    7:5   warning  'values' is not defined                no-undef
    8:5   warning  'values' is not defined                no-undef
    9:5   warning  'values' is not defined                no-undef
   10:5   warning  'values' is not defined                no-undef
   11:5   warning  'values' is not defined                no-undef
   12:5   warning  'values' is not defined                no-undef
   13:5   warning  'values' is not defined                no-undef
   14:5   warning  'values' is not defined                no-undef
   15:5   warning  'values' is not defined                no-undef
   16:5   warning  'values' is not defined                no-undef
   17:5   warning  'values' is not defined                no-undef
   21:5   warning  'a' is not defined                     no-undef
   26:5   warning  'Plotly' is not defined                no-undef
   31:14  warning  'a' is not defined                     no-undef
   32:14  warning  'a' is not defined                     no-undef
   41:14  warning  'a' is not defined                     no-undef
   42:14  warning  'a' is not defined                     no-undef
   50:14  warning  'a' is not defined                     no-undef
   51:14  warning  'a' is not defined                     no-undef
   58:14  warning  'a' is not defined                     no-undef
   59:14  warning  'a' is not defined                     no-undef
   72:11  warning  'values' is not defined                no-undef
   74:11  warning  'values' is not defined                no-undef
   76:11  warning  'values' is not defined                no-undef
   76:40  warning  'values' is not defined                no-undef
   80:25  warning  'a' is not defined                     no-undef
   80:39  warning  'a' is not defined                     no-undef
   94:5   warning  'Plotly' is not defined                no-undef
   98:14  warning  'a' is not defined                     no-undef
   99:14  warning  'a' is not defined                     no-undef
  117:24  warning  'values' is not defined                no-undef
  120:25  warning  'a' is not defined                     no-undef
  120:39  warning  'a' is not defined                     no-undef
  133:5   warning  'Plotly' is not defined                no-undef
  137:14  warning  'a' is not defined                     no-undef
  138:14  warning  'a' is not defined                     no-undef
  156:24  warning  'values' is not defined                no-undef
  159:25  warning  'a' is not defined                     no-undef
  159:39  warning  'a' is not defined                     no-undef
  172:5   warning  'Plotly' is not defined                no-undef
  176:14  warning  'a' is not defined                     no-undef
  177:14  warning  'a' is not defined                     no-undef
  195:24  warning  'values' is not defined                no-undef
  198:25  warning  'a' is not defined                     no-undef
  198:39  warning  'a' is not defined                     no-undef
  210:10  warning  'Reset' is defined but never used      no-unused-vars
  214:10  warning  'showtable' is defined but never used  no-unused-vars
  216:8   warning  Unexpected constant condition          no-constant-condition
  224:27  warning  'values' is not defined                no-undef
  225:28  warning  'values' is not defined                no-undef
  226:27  warning  'values' is not defined                no-undef
  227:28  warning  'values' is not defined                no-undef
  228:27  warning  'values' is not defined                no-undef
  229:28  warning  'values' is not defined                no-undef
  230:27  warning  'values' is not defined                no-undef
  231:28  warning  'values' is not defined                no-undef
  232:29  warning  'values' is not defined                no-undef
  251:5   warning  'difference1' is not defined           no-undef
  253:5   warning  'difference1' is not defined           no-undef
  256:5   warning  'difference2' is not defined           no-undef
  258:5   warning  'difference2' is not defined           no-undef
  261:5   warning  'difference3' is not defined           no-undef
  263:5   warning  'difference3' is not defined           no-undef
  352:3   warning  'values' is not defined                no-undef
  353:3   warning  'values' is not defined                no-undef
  354:3   warning  'values' is not defined                no-undef

/home/runner/work/exp-three-phase-voltage-source-inverter-spwm-iitr/exp-three-phase-voltage-source-inverter-spwm-iitr/experiment/simulation/js/popup.js
   6:10  warning  'openPopup' is defined but never used   no-unused-vars
  15:10  warning  'closePopup' is defined but never used  no-unused-vars

/home/runner/work/exp-three-phase-voltage-source-inverter-spwm-iitr/exp-three-phase-voltage-source-inverter-spwm-iitr/experiment/simulation/js/script.js
   210:16  warning  'jsPlumb' is not defined                      no-undef
   215:3   warning  '$' is not defined                            no-undef
   220:3   warning  '$' is not defined                            no-undef
   222:11  warning  '$' is not defined                            no-undef
   228:16  warning  Empty block statement                         no-empty
   230:18  warning  '$' is not defined                            no-undef
   231:13  warning  'a' is already defined                        no-redeclare
   236:16  warning  Empty block statement                         no-empty
   238:18  warning  '$' is not defined                            no-undef
   239:13  warning  'a' is already defined                        no-redeclare
   244:16  warning  Empty block statement                         no-empty
   246:18  warning  '$' is not defined                            no-undef
   247:13  warning  'a' is already defined                        no-redeclare
   252:16  warning  Empty block statement                         no-empty
   254:18  warning  '$' is not defined                            no-undef
   255:13  warning  'a' is already defined                        no-redeclare
   260:16  warning  Empty block statement                         no-empty
   262:18  warning  '$' is not defined                            no-undef
   263:13  warning  'a' is already defined                        no-redeclare
   268:16  warning  Empty block statement                         no-empty
   270:18  warning  '$' is not defined                            no-undef
   271:13  warning  'a' is already defined                        no-redeclare
   276:16  warning  Empty block statement                         no-empty
   278:18  warning  '$' is not defined                            no-undef
   279:13  warning  'a' is already defined                        no-redeclare
   284:16  warning  Empty block statement                         no-empty
   286:18  warning  '$' is not defined                            no-undef
   287:13  warning  'a' is already defined                        no-redeclare
   292:16  warning  Empty block statement                         no-empty
   294:18  warning  '$' is not defined                            no-undef
   295:13  warning  'a' is already defined                        no-redeclare
   300:16  warning  Empty block statement                         no-empty
   303:11  warning  '$' is not defined                            no-undef
   304:13  warning  'a' is already defined                        no-redeclare
   309:16  warning  Empty block statement                         no-empty
  1301:12  warning  'createEnd' is defined but never used         no-unused-vars
  2288:18  warning  'window_resize' is defined but never used     no-unused-vars
  2296:7   warning  'plotData' is not defined                     no-undef
  2300:38  warning  'event' is defined but never used             no-unused-vars
  2319:7   warning  'openPopup' is not defined                    no-undef
  2335:16  warning  'ele' is already defined                      no-redeclare
  2348:3   warning  '$' is not defined                            no-undef
  2353:3   warning  '$' is not defined                            no-undef
  2355:5   warning  '$' is not defined                            no-undef
  2356:30  warning  '$' is not defined                            no-undef
  2359:7   warning  '$' is not defined                            no-undef
  2387:7   warning  '$' is not defined                            no-undef
  2418:5   warning  '$' is not defined                            no-undef
  2418:42  warning  'event' is defined but never used             no-unused-vars
  2419:7   warning  '$' is not defined                            no-undef
  2424:3   warning  '$' is not defined                            no-undef
  2426:5   warning  '$' is not defined                            no-undef
  2427:30  warning  '$' is not defined                            no-undef
  2430:7   warning  '$' is not defined                            no-undef
  2458:7   warning  '$' is not defined                            no-undef
  2486:5   warning  '$' is not defined                            no-undef
  2486:42  warning  'event' is defined but never used             no-unused-vars
  2487:7   warning  '$' is not defined                            no-undef
  2492:3   warning  '$' is not defined                            no-undef
  2494:5   warning  '$' is not defined                            no-undef
  2495:30  warning  '$' is not defined                            no-undef
  2498:7   warning  '$' is not defined                            no-undef
  2532:7   warning  '$' is not defined                            no-undef
  2566:5   warning  '$' is not defined                            no-undef
  2566:42  warning  'event' is defined but never used             no-unused-vars
  2567:7   warning  '$' is not defined                            no-undef
  2570:3   warning  '$' is not defined                            no-undef
  2572:5   warning  '$' is not defined                            no-undef
  2573:30  warning  '$' is not defined                            no-undef
  2575:7   warning  '$' is not defined                            no-undef
  2609:7   warning  '$' is not defined                            no-undef
  2644:5   warning  '$' is not defined                            no-undef
  2644:42  warning  'event' is defined but never used             no-unused-vars
  2645:7   warning  '$' is not defined                            no-undef
  2650:3   warning  '$' is not defined                            no-undef
  2652:5   warning  '$' is not defined                            no-undef
  2653:30  warning  '$' is not defined                            no-undef
  2655:7   warning  '$' is not defined                            no-undef
  2683:7   warning  '$' is not defined                            no-undef
  2712:5   warning  '$' is not defined                            no-undef
  2712:42  warning  'event' is defined but never used             no-unused-vars
  2713:7   warning  '$' is not defined                            no-undef
  2716:3   warning  '$' is not defined                            no-undef
  2718:5   warning  '$' is not defined                            no-undef
  2719:30  warning  '$' is not defined                            no-undef
  2721:5   warning  '$' is not defined                            no-undef
  2736:5   warning  '$' is not defined                            no-undef
  2736:42  warning  'event' is defined but never used             no-unused-vars
  2737:7   warning  '$' is not defined                            no-undef
  2740:3   warning  '$' is not defined                            no-undef
  2742:5   warning  '$' is not defined                            no-undef
  2743:30  warning  '$' is not defined                            no-undef
  2745:5   warning  '$' is not defined                            no-undef
  2760:5   warning  '$' is not defined                            no-undef
  2760:42  warning  'event' is defined but never used             no-unused-vars
  2761:7   warning  '$' is not defined                            no-undef
  2764:3   warning  '$' is not defined                            no-undef
  2766:5   warning  '$' is not defined                            no-undef
  2767:30  warning  '$' is not defined                            no-undef
  2769:5   warning  '$' is not defined                            no-undef
  2784:5   warning  '$' is not defined                            no-undef
  2784:42  warning  'event' is defined but never used             no-unused-vars
  2785:7   warning  '$' is not defined                            no-undef
  2790:10  warning  'changeName' is defined but never used        no-unused-vars
  2793:3   warning  '$' is not defined                            no-undef
  2795:5   warning  'plotData' is not defined                     no-undef
  2799:10  warning  'acSubmited' is defined but never used        no-unused-vars
  2806:5   warning  '$' is not defined                            no-undef
  2813:5   warning  '$' is not defined                            no-undef
  2817:5   warning  'plotData' is not defined                     no-undef
  2824:3   warning  '$' is not defined                            no-undef
  2825:3   warning  '$' is not defined                            no-undef
  2826:3   warning  '$' is not defined                            no-undef
  2828:10  warning  'inductorSubmited' is defined but never used  no-unused-vars
  2836:5   warning  'plotData' is not defined                     no-undef
  2844:3   warning  '$' is not defined                            no-undef
  2845:3   warning  '$' is not defined                            no-undef
  2846:3   warning  '$' is not defined                            no-undef
  2848:10  warning  'resisSubmited' is defined but never used     no-unused-vars
  2856:5   warning  'plotData' is not defined                     no-undef
  2860:10  warning  'dcSubmited' is defined but never used        no-unused-vars
  2866:5   warning  '$' is not defined                            no-undef
  2871:5   warning  'plotData' is not defined                     no-undef
  2875:10  warning  'instchange' is defined but never used        no-unused-vars
  2879:1   warning  '$' is not defined                            no-undef
  2880:3   warning  '$' is not defined                            no-undef
  2881:5   warning  '$' is not defined                            no-undef
  2887:7   warning  'openPopup' is not defined                    no-undef
  2893:7   warning  'openPopup' is not defined                    no-undef
  2902:5   warning  'openPopup' is not defined                    no-undef
  2910:10  warning  'showreadings' is defined but never used      no-unused-vars
  2934:11  warning  'str' is not defined                          no-undef
  2935:29  warning  'str' is not defined                          no-undef
  2940:9   warning  'openPopup' is not defined                    no-undef

✖ 414 problems (0 errors, 414 warnings)

